<?xml version="1.0" encoding="UTF-8"?>
<testng-results ignored="0" total="1" passed="1" failed="0" skipped="0">
  <reporter-output>
  </reporter-output>
  <suite started-at="2024-04-26T17:44:52 IST" name="Suite" finished-at="2024-04-26T17:45:03 IST" duration-ms="10782">
    <groups>
    </groups>
    <test started-at="2024-04-26T17:44:52 IST" name="Main" finished-at="2024-04-26T17:45:03 IST" duration-ms="10782">
      <class name="testCases.TC_6SerachProductByCategeory">
        <test-method is-config="true" signature="setup(java.lang.String)[pri:0, instance:testCases.TC_6SerachProductByCategeory@169bb4dd]" started-at="2024-04-26T17:44:52 IST" name="setup" finished-at="2024-04-26T17:44:55 IST" duration-ms="3216" status="PASS">
          <params>
            <param index="0">
              <value>
                <![CDATA[chrome]]>
              </value>
            </param>
          </params>
          <reporter-output>
          </reporter-output>
        </test-method> <!-- setup -->
        <test-method signature="SearchByCategeory()[pri:0, instance:testCases.TC_6SerachProductByCategeory@169bb4dd]" started-at="2024-04-26T17:44:55 IST" name="SearchByCategeory" finished-at="2024-04-26T17:45:02 IST" duration-ms="7168" status="PASS">
          <reporter-output>
          </reporter-output>
        </test-method> <!-- SearchByCategeory -->
        <test-method is-config="true" signature="teadDown()[pri:0, instance:testCases.TC_6SerachProductByCategeory@169bb4dd]" started-at="2024-04-26T17:45:02 IST" name="teadDown" finished-at="2024-04-26T17:45:03 IST" duration-ms="177" status="PASS">
          <reporter-output>
          </reporter-output>
        </test-method> <!-- teadDown -->
      </class> <!-- testCases.TC_6SerachProductByCategeory -->
    </test> <!-- Main -->
  </suite> <!-- Suite -->
</testng-results>
